2023-07-04T01:11:19.659  WARN --- [-functhread3] hypercorn.error            : ASGI Framework Lifespan error, continuing without Lifespan support
2023-07-04T01:11:19.659  WARN --- [-functhread3] hypercorn.error            : ASGI Framework Lifespan error, continuing without Lifespan support
2023-07-04T01:11:19.663  INFO --- [-functhread3] hypercorn.error            : Running on https://0.0.0.0:4566 (CTRL + C to quit)
2023-07-04T01:11:19.663  INFO --- [-functhread3] hypercorn.error            : Running on https://0.0.0.0:4566 (CTRL + C to quit)
2023-07-04T01:11:36.421  INFO --- [functhread16] l.services.motoserver      : starting moto server on http://0.0.0.0:60909
2023-07-04T01:11:36.424  INFO --- [   asgi_gw_1] localstack.services.infra  : Starting mock S3 service on http port 4566 ...
2023-07-04T01:11:37.007  INFO --- [   asgi_gw_0] localstack.request.aws     : AWS sqs.GetQueueAttributes => 400 (AWS.SimpleQueueService.NonExistentQueue)
2023-07-04T01:11:37.510  INFO --- [   asgi_gw_1] localstack.utils.bootstrap : Execution of "require" took 1138.23ms
2023-07-04T01:11:37.596  INFO --- [   asgi_gw_0] localstack.request.aws     : AWS sqs.GetQueueAttributes => 400 (AWS.SimpleQueueService.NonExistentQueue)
2023-07-04T01:11:37.739  INFO --- [   asgi_gw_1] localstack.request.aws     : AWS s3.HeadBucket => 404 (404)
2023-07-04T01:11:37.918  INFO --- [   asgi_gw_0] localstack.request.aws     : AWS s3.GetBucketWebsite => 404 (NoSuchBucket)
2023-07-04T01:11:37.939  INFO --- [   asgi_gw_2] localstack.utils.bootstrap : Execution of "require" took 1566.61ms
2023-07-04T01:11:37.967  INFO --- [   asgi_gw_1] localstack.request.aws     : AWS s3.GetBucketPolicy => 404 (NoSuchBucket)
2023-07-04T01:11:38.034  INFO --- [   asgi_gw_2] localstack.request.aws     : AWS s3.HeadBucket => 404 (404)
2023-07-04T01:11:38.254  INFO --- [   asgi_gw_1] localstack.request.aws     : AWS s3.GetBucketPolicy => 404 (NoSuchBucket)
2023-07-04T01:11:38.285  INFO --- [   asgi_gw_0] localstack.request.aws     : AWS s3.GetBucketWebsite => 404 (NoSuchBucket)
2023-07-04T01:11:38.641  INFO --- [   asgi_gw_2] localstack.request.aws     : AWS sqs.GetQueueAttributes => 400 (AWS.SimpleQueueService.NonExistentQueue)
2023-07-04T01:11:40.657  INFO --- [   asgi_gw_0] localstack.request.aws     : AWS sqs.GetQueueAttributes => 400 (AWS.SimpleQueueService.NonExistentQueue)
2023-07-04T01:11:44.680  INFO --- [   asgi_gw_0] localstack.request.aws     : AWS sqs.GetQueueAttributes => 400 (AWS.SimpleQueueService.NonExistentQueue)
2023-07-04T01:11:52.705  INFO --- [   asgi_gw_2] localstack.request.aws     : AWS sqs.GetQueueAttributes => 400 (AWS.SimpleQueueService.NonExistentQueue)
2023-07-04T01:12:04.514  INFO --- [   asgi_gw_2] localstack.request.aws     : AWS sqs.CreateQueue => 200
2023-07-04T01:12:04.554  INFO --- [   asgi_gw_1] localstack.request.aws     : AWS s3.HeadBucket => 404 (404)
2023-07-04T01:12:04.563  INFO --- [   asgi_gw_0] localstack.request.aws     : AWS s3.HeadBucket => 404 (404)
2023-07-04T01:12:04.576  INFO --- [   asgi_gw_0] localstack.request.aws     : AWS sqs.GetQueueAttributes => 200
2023-07-04T01:12:04.610  INFO --- [   asgi_gw_1] localstack.request.aws     : AWS s3.CreateBucket => 200
2023-07-04T01:12:04.617  INFO --- [   asgi_gw_2] localstack.request.aws     : AWS s3.CreateBucket => 200
2023-07-04T01:12:04.654  INFO --- [   asgi_gw_1] localstack.request.aws     : AWS s3.GetBucketTagging => 404 (NoSuchTagSet)
2023-07-04T01:12:04.655  INFO --- [   asgi_gw_0] localstack.request.aws     : AWS s3.GetBucketTagging => 404 (NoSuchTagSet)
2023-07-04T01:12:04.699  INFO --- [   asgi_gw_0] localstack.request.aws     : AWS s3.PutBucketTagging => 200
2023-07-04T01:12:04.706  INFO --- [   asgi_gw_2] localstack.request.aws     : AWS s3.PutBucketTagging => 200
2023-07-04T01:12:04.751  INFO --- [   asgi_gw_1] localstack.request.aws     : AWS s3.HeadBucket => 200
2023-07-04T01:12:04.757  INFO --- [   asgi_gw_0] localstack.request.aws     : AWS s3.HeadBucket => 200
2023-07-04T01:12:04.791  INFO --- [   asgi_gw_2] localstack.request.aws     : AWS s3.GetBucketPolicy => 404 (NoSuchBucketPolicy)
2023-07-04T01:12:04.795  INFO --- [   asgi_gw_1] localstack.request.aws     : AWS s3.GetBucketPolicy => 404 (NoSuchBucketPolicy)
2023-07-04T01:12:04.843  INFO --- [   asgi_gw_2] localstack.request.aws     : AWS s3.GetBucketAcl => 200
2023-07-04T01:12:04.846  INFO --- [   asgi_gw_0] localstack.request.aws     : AWS s3.GetBucketAcl => 200
2023-07-04T01:12:04.931  INFO --- [   asgi_gw_1] localstack.request.aws     : AWS s3.GetBucketCors => 404 (NoSuchCORSConfiguration)
2023-07-04T01:12:04.938  INFO --- [   asgi_gw_2] localstack.request.aws     : AWS s3.GetBucketCors => 404 (NoSuchCORSConfiguration)
2023-07-04T01:12:04.979  INFO --- [   asgi_gw_0] localstack.request.aws     : AWS s3.GetBucketWebsite => 404 (NoSuchWebsiteConfiguration)
2023-07-04T01:12:04.983  INFO --- [   asgi_gw_3] localstack.request.aws     : AWS s3.GetBucketWebsite => 404 (NoSuchWebsiteConfiguration)
2023-07-04T01:12:05.039  INFO --- [   asgi_gw_2] localstack.request.aws     : AWS s3.GetBucketVersioning => 200
2023-07-04T01:12:05.042  INFO --- [   asgi_gw_1] localstack.request.aws     : AWS s3.GetBucketVersioning => 200
2023-07-04T01:12:05.074  INFO --- [   asgi_gw_3] localstack.request.aws     : AWS s3.GetBucketAccelerateConfiguration => 200
2023-07-04T01:12:05.085  INFO --- [   asgi_gw_0] localstack.request.aws     : AWS s3.GetBucketAccelerateConfiguration => 200
2023-07-04T01:12:05.148  INFO --- [   asgi_gw_1] localstack.request.aws     : AWS s3.GetBucketRequestPayment => 200
2023-07-04T01:12:05.156  INFO --- [   asgi_gw_2] localstack.request.aws     : AWS s3.GetBucketRequestPayment => 200
2023-07-04T01:12:05.185  INFO --- [   asgi_gw_0] localstack.request.aws     : AWS s3.GetBucketLogging => 200
2023-07-04T01:12:05.200  INFO --- [   asgi_gw_1] localstack.request.aws     : AWS s3.GetBucketLogging => 200
2023-07-04T01:12:05.263  INFO --- [   asgi_gw_3] localstack.request.aws     : AWS s3.GetBucketLifecycleConfiguration => 404 (NoSuchLifecycleConfiguration)
2023-07-04T01:12:05.268  INFO --- [   asgi_gw_0] localstack.request.aws     : AWS s3.GetBucketLifecycleConfiguration => 404 (NoSuchLifecycleConfiguration)
2023-07-04T01:12:05.335  INFO --- [   asgi_gw_2] localstack.request.aws     : AWS s3.GetBucketReplication => 404 (ReplicationConfigurationNotFoundError)
2023-07-04T01:12:05.341  INFO --- [   asgi_gw_1] localstack.request.aws     : AWS s3.GetBucketReplication => 404 (ReplicationConfigurationNotFoundError)
2023-07-04T01:12:05.377  INFO --- [   asgi_gw_0] localstack.request.aws     : AWS s3.GetBucketEncryption => 404 (ServerSideEncryptionConfigurationNotFoundError)
2023-07-04T01:12:05.388  INFO --- [   asgi_gw_2] localstack.request.aws     : AWS s3.GetBucketEncryption => 404 (ServerSideEncryptionConfigurationNotFoundError)
2023-07-04T01:12:05.425  INFO --- [   asgi_gw_3] localstack.request.aws     : AWS s3.GetObjectLockConfiguration => 404 (ObjectLockConfigurationNotFoundError)
2023-07-04T01:12:05.441  INFO --- [   asgi_gw_0] localstack.request.aws     : AWS s3.GetObjectLockConfiguration => 404 (ObjectLockConfigurationNotFoundError)
2023-07-04T01:12:05.467  INFO --- [   asgi_gw_1] localstack.request.aws     : AWS s3.HeadBucket => 200
2023-07-04T01:12:05.486  INFO --- [   asgi_gw_3] localstack.request.aws     : AWS s3.HeadBucket => 200
2023-07-04T01:12:05.510  INFO --- [   asgi_gw_2] localstack.request.aws     : AWS s3.GetBucketTagging => 200
2023-07-04T01:12:05.543  INFO --- [   asgi_gw_1] localstack.request.aws     : AWS s3.GetBucketTagging => 200
2023-07-04T01:12:05.769  INFO --- [   asgi_gw_1] localstack.request.aws     : AWS s3.PutBucketWebsite => 200
2023-07-04T01:12:05.776  INFO --- [   asgi_gw_3] localstack.request.aws     : AWS s3.PutBucketWebsite => 200
2023-07-04T01:12:05.785  INFO --- [   asgi_gw_0] localstack.request.aws     : AWS s3.PutBucketPolicy => 200
2023-07-04T01:12:05.799  INFO --- [   asgi_gw_2] localstack.request.aws     : AWS s3.PutBucketPolicy => 200
2023-07-04T01:12:05.849  INFO --- [   asgi_gw_1] localstack.request.aws     : AWS s3.GetBucketWebsite => 200
2023-07-04T01:12:05.852  INFO --- [   asgi_gw_3] localstack.request.aws     : AWS s3.GetBucketWebsite => 200
2023-07-04T01:12:05.911  INFO --- [   asgi_gw_2] localstack.request.aws     : AWS s3.GetBucketLocation => 200
2023-07-04T01:12:05.914  INFO --- [   asgi_gw_0] localstack.request.aws     : AWS s3.GetBucketLocation => 200
2023-07-04T01:12:09.592  INFO --- [   asgi_gw_2] localstack.request.aws     : AWS sqs.GetQueueAttributes => 200
2023-07-04T01:12:14.615  INFO --- [   asgi_gw_3] localstack.request.aws     : AWS sqs.GetQueueAttributes => 200
2023-07-04T01:12:19.644  INFO --- [   asgi_gw_1] localstack.request.aws     : AWS sqs.GetQueueAttributes => 200
2023-07-04T01:12:24.667  INFO --- [   asgi_gw_2] localstack.request.aws     : AWS sqs.GetQueueAttributes => 200
2023-07-04T01:12:29.685  INFO --- [   asgi_gw_3] localstack.request.aws     : AWS sqs.GetQueueAttributes => 200
2023-07-04T01:12:29.698  INFO --- [   asgi_gw_0] localstack.request.aws     : AWS sqs.GetQueueAttributes => 200
2023-07-04T01:12:29.711  INFO --- [   asgi_gw_1] localstack.request.aws     : AWS sqs.ListQueueTags => 200
2023-07-04T01:13:46.068  INFO --- [   asgi_gw_1] localstack.request.aws     : AWS s3.ListObjectsV2 => 200
2023-07-04T01:13:46.201  INFO --- [   asgi_gw_3] localstack.request.aws     : AWS s3.PutObject => 200
2023-07-04T01:13:46.232  INFO --- [   asgi_gw_2] localstack.request.aws     : AWS s3.PutObject => 200
2023-07-04T01:13:46.269  INFO --- [   asgi_gw_4] localstack.request.aws     : AWS s3.PutObject => 200
2023-07-04T01:13:46.284  INFO --- [   asgi_gw_5] localstack.request.aws     : AWS s3.PutObject => 200
2023-07-04T01:13:46.299  INFO --- [   asgi_gw_1] localstack.request.aws     : AWS s3.PutObject => 200
2023-07-04T01:13:46.318  INFO --- [   asgi_gw_0] localstack.request.aws     : AWS s3.PutObject => 200
2023-07-04T01:13:46.328  INFO --- [   asgi_gw_3] localstack.request.aws     : AWS s3.PutObject => 200
2023-07-04T01:13:46.366  INFO --- [   asgi_gw_2] localstack.request.aws     : AWS s3.PutObject => 200
2023-07-04T01:14:34.311  INFO --- [   asgi_gw_6] localstack.request.http    : GET / => 200
2023-07-04T01:14:34.713  INFO --- [   asgi_gw_4] localstack.request.aws     : AWS s3.GetObject => 200
2023-07-04T01:14:34.718  INFO --- [   asgi_gw_1] localstack.request.aws     : AWS s3.GetObject => 304 (304)
2023-07-04T01:14:34.727  INFO --- [   asgi_gw_3] localstack.request.aws     : AWS s3.GetObject => 304 (304)
2023-07-04T01:14:34.741  INFO --- [   asgi_gw_0] localstack.request.aws     : AWS s3.GetObject => 304 (304)
2023-07-04T01:15:53.339  INFO --- [   asgi_gw_1] localstack.request.http    : OPTIONS /_localstack/stackinfo => 204
2023-07-04T01:15:53.407  WARN --- [   asgi_gw_5] l.aws.handlers.internal    : Unable to find resource handler for path: /_localstack/stackinfo
2023-07-04T01:15:53.408  INFO --- [   asgi_gw_5] localstack.request.http    : GET /_localstack/stackinfo => 404
2023-07-04T01:15:58.542  INFO --- [   asgi_gw_2] localstack.request.http    : OPTIONS /_localstack/stackinfo => 204
2023-07-04T01:15:58.611  WARN --- [   asgi_gw_7] l.aws.handlers.internal    : Unable to find resource handler for path: /_localstack/stackinfo
2023-07-04T01:15:58.614  INFO --- [   asgi_gw_7] localstack.request.http    : GET /_localstack/stackinfo => 404
2023-07-04T01:16:23.721  INFO --- [   asgi_gw_4] localstack.request.http    : OPTIONS /_localstack/stackinfo => 204
2023-07-04T01:16:23.770  WARN --- [   asgi_gw_1] l.aws.handlers.internal    : Unable to find resource handler for path: /_localstack/stackinfo
2023-07-04T01:16:23.772  INFO --- [   asgi_gw_1] localstack.request.http    : GET /_localstack/stackinfo => 404
2023-07-04T01:16:42.855  INFO --- [   asgi_gw_6] localstack.request.http    : OPTIONS / => 204
2023-07-04T01:16:42.961  INFO --- [   asgi_gw_4] localstack.request.aws     : AWS sqs.ListQueues => 200
2023-07-04T01:16:43.159  INFO --- [   asgi_gw_1] localstack.request.aws     : AWS sqs.GetQueueAttributes => 200
2023-07-04T01:16:44.920  INFO --- [   asgi_gw_0] localstack.request.aws     : AWS sqs.GetQueueUrl => 200
2023-07-04T01:16:45.029  INFO --- [   asgi_gw_5] localstack.request.aws     : AWS sqs.GetQueueAttributes => 200
2023-07-04T01:16:46.594  INFO --- [   asgi_gw_2] localstack.request.aws     : AWS sqs.ReceiveMessage => 200
2023-07-04T01:17:23.393  INFO --- [   asgi_gw_0] localstack.request.aws     : AWS sqs.SendMessage => 200
2023-07-04T01:17:30.399  INFO --- [   asgi_gw_4] localstack.request.http    : OPTIONS / => 204
2023-07-04T01:17:30.498  INFO --- [   asgi_gw_1] localstack.request.aws     : AWS sqs.ReceiveMessage => 200
2023-07-04T01:17:33.440  INFO --- [   asgi_gw_5] localstack.request.aws     : AWS sqs.ReceiveMessage => 200
2023-07-04T01:17:34.339  INFO --- [   asgi_gw_3] localstack.request.aws     : AWS sqs.ReceiveMessage => 200
2023-07-04T01:17:36.356  INFO --- [   asgi_gw_5] localstack.request.http    : OPTIONS / => 204
2023-07-04T01:17:36.410  INFO --- [   asgi_gw_7] localstack.request.aws     : AWS sqs.ReceiveMessage => 200
